<?xml version="1.0" encoding="UTF-8"?>
<!-- Generated by org.testng.reporters.JUnitReportReporter -->
<testsuite skipped="1" hostname="RAKESH-PC" name="com.api.automation_scripts.ComplextJSONParse" tests="2" failures="0" timestamp="29 Jul 2023 20:26:23 GMT" time="10.849" errors="0">
  <testcase name="sumOfCourses" time="10.849" classname="com.api.automation_scripts.ComplextJSONParse"/>
  <testcase name="complexJsonParse" classname="com.api.automation_scripts.ComplextJSONParse">
    <skipped/>
  </testcase> <!-- complexJsonParse -->
</testsuite> <!-- com.api.automation_scripts.ComplextJSONParse -->
