<?xml version="1.0" encoding="UTF-8"?>
<!-- Generated by org.testng.reporters.JUnitReportReporter -->
<testsuite hostname="DESKTOP-EVUVHLP" failures="0" tests="1" name="com.api.automation_scripts.JiraTestScripts" time="7.510" errors="0" timestamp="2023-08-09T01:31:15 IST" skipped="0">
  <testcase classname="com.api.automation_scripts.JiraTestScripts" name="createSessionAddComment" time="7.510"/>
</testsuite> <!-- com.api.automation_scripts.JiraTestScripts -->
