<?xml version="1.0" encoding="UTF-8"?>
<!-- Generated by org.testng.reporters.JUnitReportReporter -->
<testsuite skipped="0" hostname="RAKESH-PC" name="com.api.automation_scripts.DynamicJsonScripts" tests="3" failures="0" timestamp="30 Jul 2023 19:30:54 GMT" time="5.199" errors="0">
  <testcase name="addBook" time="4.667" classname="com.api.automation_scripts.DynamicJsonScripts"/>
  <testcase name="addBook" time="0.291" classname="com.api.automation_scripts.DynamicJsonScripts"/>
  <testcase name="addBook" time="0.241" classname="com.api.automation_scripts.DynamicJsonScripts"/>
</testsuite> <!-- com.api.automation_scripts.DynamicJsonScripts -->
