<?xml version="1.0" encoding="UTF-8"?>
<!-- Generated by org.testng.reporters.JUnitReportReporter -->
<testsuite skipped="1" hostname="RAKESH-PC" name="com.api.automation_scripts.StaticJsonScripts" tests="2" failures="0" timestamp="31 Jul 2023 20:39:27 GMT" time="5.245" errors="0">
  <testcase name="validateAddPlaceAPIInStatic" time="5.245" classname="com.api.automation_scripts.StaticJsonScripts"/>
  <testcase name="addBook" classname="com.api.automation_scripts.StaticJsonScripts">
    <skipped/>
  </testcase> <!-- addBook -->
</testsuite> <!-- com.api.automation_scripts.StaticJsonScripts -->
