<?xml version="1.0" encoding="UTF-8"?>
<!-- Generated by org.testng.reporters.JUnitReportReporter -->
<testsuite hostname="DESKTOP-EVUVHLP" failures="0" tests="1" name="com.api.automation_scripts.JiraTestScripts" time="24.837" errors="0" timestamp="2023-08-13T00:12:26 IST" skipped="0">
  <testcase classname="com.api.automation_scripts.JiraTestScripts" name="createSessionAddComment" time="24.837"/>
</testsuite> <!-- com.api.automation_scripts.JiraTestScripts -->
