<?xml version="1.0" encoding="UTF-8"?>
<!-- Generated by org.testng.reporters.JUnitReportReporter -->
<testsuite skipped="1" hostname="RAKESH-PC" name="com.api.automation_scripts.GoogleAPITestScrpts" tests="2" failures="0" timestamp="31 Jul 2023 20:25:46 GMT" time="4.748" errors="0">
  <testcase name="validateAddPlaceInStatic" time="4.748" classname="com.api.automation_scripts.GoogleAPITestScrpts"/>
  <testcase name="validateAddPlaceAPI" classname="com.api.automation_scripts.GoogleAPITestScrpts">
    <skipped/>
  </testcase> <!-- validateAddPlaceAPI -->
</testsuite> <!-- com.api.automation_scripts.GoogleAPITestScrpts -->
