<?xml version="1.0" encoding="UTF-8"?>
<!-- Generated by org.testng.reporters.JUnitReportReporter -->
<testsuite skipped="0" hostname="RAKESH-PC" name="com.api.automation_scripts.AddBook" tests="1" failures="0" timestamp="31 Jul 2023 20:36:33 GMT" time="4.262" errors="0">
  <testcase name="addBook" time="4.262" classname="com.api.automation_scripts.AddBook"/>
</testsuite> <!-- com.api.automation_scripts.AddBook -->
